INFO - 2024-01-15 03:55:14 --> Session: Class initialized using 'CodeIgniter\Session\Handlers\FileHandler' driver.
INFO - 2024-01-15 03:55:22 --> Session: Class initialized using 'CodeIgniter\Session\Handlers\FileHandler' driver.
INFO - 2024-01-15 03:55:24 --> Session: Class initialized using 'CodeIgniter\Session\Handlers\FileHandler' driver.
INFO - 2024-01-15 10:55:37 --> Session: Class initialized using 'CodeIgniter\Session\Handlers\FileHandler' driver.
INFO - 2024-01-15 03:57:42 --> Session: Class initialized using 'CodeIgniter\Session\Handlers\FileHandler' driver.
INFO - 2024-01-15 11:17:00 --> Session: Class initialized using 'CodeIgniter\Session\Handlers\FileHandler' driver.
INFO - 2024-01-15 11:20:57 --> Session: Class initialized using 'CodeIgniter\Session\Handlers\FileHandler' driver.
INFO - 2024-01-15 11:34:02 --> Session: Class initialized using 'CodeIgniter\Session\Handlers\FileHandler' driver.
INFO - 2024-01-15 11:35:22 --> Session: Class initialized using 'CodeIgniter\Session\Handlers\FileHandler' driver.
INFO - 2024-01-15 11:43:34 --> Session: Class initialized using 'CodeIgniter\Session\Handlers\FileHandler' driver.
INFO - 2024-01-15 11:45:22 --> Session: Class initialized using 'CodeIgniter\Session\Handlers\FileHandler' driver.
INFO - 2024-01-15 11:45:50 --> Session: Class initialized using 'CodeIgniter\Session\Handlers\FileHandler' driver.
CRITICAL - 2024-01-15 04:51:06 --> You must set the database table to be used with your query.
in SYSTEMPATH\Database\BaseConnection.php on line 883.
 1 SYSTEMPATH\Model.php(635): CodeIgniter\Database\BaseConnection->table(null)
 2 SYSTEMPATH\Model.php(863): CodeIgniter\Model->builder()
 3 APPPATH\Controllers\KasKeluar.php(13): CodeIgniter\Model->__call('getDonatur', [])
 4 SYSTEMPATH\CodeIgniter.php(919): App\Controllers\KasKeluar->index()
 5 SYSTEMPATH\CodeIgniter.php(494): CodeIgniter\CodeIgniter->runController(Object(App\Controllers\KasKeluar))
 6 SYSTEMPATH\CodeIgniter.php(353): CodeIgniter\CodeIgniter->handleRequest(null, Object(Config\Cache), false)
 7 FCPATH\index.php(79): CodeIgniter\CodeIgniter->run()
 8 SYSTEMPATH\Commands\Server\rewrite.php(47): require_once('C:\\xampp\\htdocs\\Digitalmasjid\\public\\index.php')
CRITICAL - 2024-01-15 04:52:45 --> You must set the database table to be used with your query.
in SYSTEMPATH\Database\BaseConnection.php on line 883.
 1 SYSTEMPATH\Model.php(635): CodeIgniter\Database\BaseConnection->table(null)
 2 SYSTEMPATH\Model.php(863): CodeIgniter\Model->builder()
 3 APPPATH\Controllers\KasKeluar.php(13): CodeIgniter\Model->__call('getDonatur', [])
 4 SYSTEMPATH\CodeIgniter.php(919): App\Controllers\KasKeluar->index()
 5 SYSTEMPATH\CodeIgniter.php(494): CodeIgniter\CodeIgniter->runController(Object(App\Controllers\KasKeluar))
 6 SYSTEMPATH\CodeIgniter.php(353): CodeIgniter\CodeIgniter->handleRequest(null, Object(Config\Cache), false)
 7 FCPATH\index.php(79): CodeIgniter\CodeIgniter->run()
 8 SYSTEMPATH\Commands\Server\rewrite.php(47): require_once('C:\\xampp\\htdocs\\Digitalmasjid\\public\\index.php')
CRITICAL - 2024-01-15 11:53:51 --> Undefined property: stdClass::$iddonatur
in APPPATH\Views\kaskeluar\v_kaskeluar.php on line 284.
 1 APPPATH\Views\kaskeluar\v_kaskeluar.php(284): CodeIgniter\Debug\Exceptions->errorHandler(2, 'Undefined property: stdClass::$iddonatur', 'C:\\xampp\\htdocs\\Digitalmasjid\\app\\Views\\kaskeluar\\v_kaskeluar.php', 284)
 2 SYSTEMPATH\View\View.php(226): include('C:\\xampp\\htdocs\\Digitalmasjid\\app\\Views\\kaskeluar\\v_kaskeluar.php')
 3 SYSTEMPATH\View\View.php(229): CodeIgniter\View\View->CodeIgniter\View\{closure}()
 4 SYSTEMPATH\Common.php(1188): CodeIgniter\View\View->render('KasKeluar/v_kaskeluar', [], true)
 5 APPPATH\Controllers\KasKeluar.php(14): view('KasKeluar/v_kaskeluar', [...])
 6 SYSTEMPATH\CodeIgniter.php(919): App\Controllers\KasKeluar->index()
 7 SYSTEMPATH\CodeIgniter.php(494): CodeIgniter\CodeIgniter->runController(Object(App\Controllers\KasKeluar))
 8 SYSTEMPATH\CodeIgniter.php(353): CodeIgniter\CodeIgniter->handleRequest(null, Object(Config\Cache), false)
 9 FCPATH\index.php(79): CodeIgniter\CodeIgniter->run()
10 SYSTEMPATH\Commands\Server\rewrite.php(47): require_once('C:\\xampp\\htdocs\\Digitalmasjid\\public\\index.php')
ERROR - 2024-01-15 04:55:06 --> mysqli_sql_exception: Unknown column 'iddonatur' in 'field list' in C:\xampp\htdocs\Digitalmasjid\system\Database\MySQLi\Connection.php:306
Stack trace:
#0 C:\xampp\htdocs\Digitalmasjid\system\Database\MySQLi\Connection.php(306): mysqli->query('select id_kas_k...', 0)
#1 C:\xampp\htdocs\Digitalmasjid\system\Database\BaseConnection.php(692): CodeIgniter\Database\MySQLi\Connection->execute('select id_kas_k...')
#2 C:\xampp\htdocs\Digitalmasjid\system\Database\BaseConnection.php(606): CodeIgniter\Database\BaseConnection->simpleQuery('select id_kas_k...')
#3 C:\xampp\htdocs\Digitalmasjid\app\Models\ModelKasKeluar.php(10): CodeIgniter\Database\BaseConnection->query('select id_kas_k...')
#4 C:\xampp\htdocs\Digitalmasjid\app\Controllers\KasKeluar.php(12): App\Models\ModelKasKeluar->getkaskeluar()
#5 C:\xampp\htdocs\Digitalmasjid\system\CodeIgniter.php(919): App\Controllers\KasKeluar->index()
#6 C:\xampp\htdocs\Digitalmasjid\system\CodeIgniter.php(494): CodeIgniter\CodeIgniter->runController(Object(App\Controllers\KasKeluar))
#7 C:\xampp\htdocs\Digitalmasjid\system\CodeIgniter.php(353): CodeIgniter\CodeIgniter->handleRequest(NULL, Object(Config\Cache), false)
#8 C:\xampp\htdocs\Digitalmasjid\public\index.php(79): CodeIgniter\CodeIgniter->run()
#9 C:\xampp\htdocs\Digitalmasjid\system\Commands\Server\rewrite.php(47): require_once('C:\\xampp\\htdocs...')
#10 {main}
CRITICAL - 2024-01-15 04:55:06 --> Unknown column 'iddonatur' in 'field list'
in SYSTEMPATH\Database\BaseConnection.php on line 646.
 1 APPPATH\Models\ModelKasKeluar.php(10): CodeIgniter\Database\BaseConnection->query('select id_kas_keluar,iddonatur,namakegiatan,tbl_kas_keluar.tanggal,jumlah from tbl_kas_keluar join tbl_agenda on tbl_kas_keluar.idagenda=tbl_agenda.idagenda')
 2 APPPATH\Controllers\KasKeluar.php(12): App\Models\ModelKasKeluar->getkaskeluar()
 3 SYSTEMPATH\CodeIgniter.php(919): App\Controllers\KasKeluar->index()
 4 SYSTEMPATH\CodeIgniter.php(494): CodeIgniter\CodeIgniter->runController(Object(App\Controllers\KasKeluar))
 5 SYSTEMPATH\CodeIgniter.php(353): CodeIgniter\CodeIgniter->handleRequest(null, Object(Config\Cache), false)
 6 FCPATH\index.php(79): CodeIgniter\CodeIgniter->run()
 7 SYSTEMPATH\Commands\Server\rewrite.php(47): require_once('C:\\xampp\\htdocs\\Digitalmasjid\\public\\index.php')
CRITICAL - 2024-01-15 11:56:11 --> Undefined property: stdClass::$iddonatur
in APPPATH\Views\kaskeluar\v_kaskeluar.php on line 284.
 1 APPPATH\Views\kaskeluar\v_kaskeluar.php(284): CodeIgniter\Debug\Exceptions->errorHandler(2, 'Undefined property: stdClass::$iddonatur', 'C:\\xampp\\htdocs\\Digitalmasjid\\app\\Views\\kaskeluar\\v_kaskeluar.php', 284)
 2 SYSTEMPATH\View\View.php(226): include('C:\\xampp\\htdocs\\Digitalmasjid\\app\\Views\\kaskeluar\\v_kaskeluar.php')
 3 SYSTEMPATH\View\View.php(229): CodeIgniter\View\View->CodeIgniter\View\{closure}()
 4 SYSTEMPATH\Common.php(1188): CodeIgniter\View\View->render('KasKeluar/v_kaskeluar', [], true)
 5 APPPATH\Controllers\KasKeluar.php(14): view('KasKeluar/v_kaskeluar', [...])
 6 SYSTEMPATH\CodeIgniter.php(919): App\Controllers\KasKeluar->index()
 7 SYSTEMPATH\CodeIgniter.php(494): CodeIgniter\CodeIgniter->runController(Object(App\Controllers\KasKeluar))
 8 SYSTEMPATH\CodeIgniter.php(353): CodeIgniter\CodeIgniter->handleRequest(null, Object(Config\Cache), false)
 9 FCPATH\index.php(79): CodeIgniter\CodeIgniter->run()
10 SYSTEMPATH\Commands\Server\rewrite.php(47): require_once('C:\\xampp\\htdocs\\Digitalmasjid\\public\\index.php')
INFO - 2024-01-15 11:56:43 --> Session: Class initialized using 'CodeIgniter\Session\Handlers\FileHandler' driver.
INFO - 2024-01-15 11:58:16 --> Session: Class initialized using 'CodeIgniter\Session\Handlers\FileHandler' driver.
INFO - 2024-01-15 11:59:06 --> Session: Class initialized using 'CodeIgniter\Session\Handlers\FileHandler' driver.
INFO - 2024-01-15 12:00:51 --> Session: Class initialized using 'CodeIgniter\Session\Handlers\FileHandler' driver.
INFO - 2024-01-15 12:01:18 --> Session: Class initialized using 'CodeIgniter\Session\Handlers\FileHandler' driver.
INFO - 2024-01-15 12:10:02 --> Session: Class initialized using 'CodeIgniter\Session\Handlers\FileHandler' driver.
INFO - 2024-01-15 12:11:40 --> Session: Class initialized using 'CodeIgniter\Session\Handlers\FileHandler' driver.
INFO - 2024-01-15 12:17:49 --> Session: Class initialized using 'CodeIgniter\Session\Handlers\FileHandler' driver.
INFO - 2024-01-15 12:17:52 --> Session: Class initialized using 'CodeIgniter\Session\Handlers\FileHandler' driver.
INFO - 2024-01-15 05:18:06 --> Session: Class initialized using 'CodeIgniter\Session\Handlers\FileHandler' driver.
CRITICAL - 2024-01-15 05:19:04 --> Undefined array key "kas_keluar"
in APPPATH\Views\kaskeluar\cetak_laporan.php on line 50.
 1 APPPATH\Views\kaskeluar\cetak_laporan.php(50): CodeIgniter\Debug\Exceptions->errorHandler(2, 'Undefined array key "kas_keluar"', 'C:\\xampp\\htdocs\\Digitalmasjid\\app\\Views\\kaskeluar\\cetak_laporan.php', 50)
 2 SYSTEMPATH\View\View.php(226): include('C:\\xampp\\htdocs\\Digitalmasjid\\app\\Views\\kaskeluar\\cetak_laporan.php')
 3 SYSTEMPATH\View\View.php(229): CodeIgniter\View\View->CodeIgniter\View\{closure}()
 4 SYSTEMPATH\Common.php(1188): CodeIgniter\View\View->render('KasKeluar/cetak_laporan', [], true)
 5 APPPATH\Controllers\KasKeluar.php(57): view('KasKeluar/cetak_laporan', [...])
 6 SYSTEMPATH\CodeIgniter.php(919): App\Controllers\KasKeluar->laporankaskeluar()
 7 SYSTEMPATH\CodeIgniter.php(494): CodeIgniter\CodeIgniter->runController(Object(App\Controllers\KasKeluar))
 8 SYSTEMPATH\CodeIgniter.php(353): CodeIgniter\CodeIgniter->handleRequest(null, Object(Config\Cache), false)
 9 FCPATH\index.php(79): CodeIgniter\CodeIgniter->run()
10 SYSTEMPATH\Commands\Server\rewrite.php(47): require_once('C:\\xampp\\htdocs\\Digitalmasjid\\public\\index.php')
INFO - 2024-01-15 05:19:10 --> Session: Class initialized using 'CodeIgniter\Session\Handlers\FileHandler' driver.
INFO - 2024-01-15 12:19:42 --> Session: Class initialized using 'CodeIgniter\Session\Handlers\FileHandler' driver.
